created Programme 3. attaching shaders 1 and 2...
program 3 GL_VALIDATE_STATUS = GL_TRUE
created Programme 6. attaching shaders 4 and 5...
program 6 GL_VALIDATE_STATUS = GL_TRUE
created Programme 3. attaching shaders 1 and 2...
program 3 GL_VALIDATE_STATUS = GL_TRUE
created Programme 6. attaching shaders 4 and 5...
program 6 GL_VALIDATE_STATUS = GL_TRUE
starting GLFW 3.2.1 Cocoa NSGL chdir menubar retina dynamic
GLFW Error (#65540): Invalid window size 0x0ERROR: could not open window with GLFW3
starting GLFW 3.2.1 Cocoa NSGL chdir menubar retina dynamic
GLFW Error (#65540): Invalid window size 0x0ERROR: could not open window with GLFW3
starting GLFW 3.2.1 Cocoa NSGL chdir menubar retina dynamic
Renderer: Intel HD Graphics 5000 OpenGL Engine
renderer: Intel HD Graphics 5000 OpenGL Engine
version: 4.1 INTEL-10.22.29
created Programme 3. attaching shaders 1 and 2...
program 3 GL_VALIDATE_STATUS = GL_TRUE
created Programme 6. attaching shaders 4 and 5...
program 6 GL_VALIDATE_STATUS = GL_TRUE
starting GLFW 3.2.1 Cocoa NSGL chdir menubar retina dynamic
Renderer: Intel HD Graphics 5000 OpenGL Engine
renderer: Intel HD Graphics 5000 OpenGL Engine
version: 4.1 INTEL-10.22.29
created Programme 3. attaching shaders 1 and 2...
program 3 GL_VALIDATE_STATUS = GL_TRUE
created Programme 6. attaching shaders 4 and 5...
program 6 GL_VALIDATE_STATUS = GL_TRUE
starting GLFW 3.2.1 Cocoa NSGL chdir menubar retina dynamic
Renderer: Intel HD Graphics 5000 OpenGL Engine
renderer: Intel HD Graphics 5000 OpenGL Engine
version: 4.1 INTEL-10.22.29
created Programme 3. attaching shaders 1 and 2...
program 3 GL_VALIDATE_STATUS = GL_TRUE
created Programme 6. attaching shaders 4 and 5...
program 6 GL_VALIDATE_STATUS = GL_TRUE
Width 812 Height 480
Width 820 Height 480
Width 829 Height 480
Width 846 Height 480
Width 858 Height 480
Width 863 Height 480
Width 872 Height 480
Width 874 Height 480
Width 878 Height 480
Width 881 Height 480
Width 882 Height 480
Width 880 Height 480
Width 876 Height 480
Width 870 Height 480
Width 849 Height 480
Width 833 Height 480
Width 802 Height 480
Width 786 Height 480
Width 759 Height 480
Width 745 Height 480
Width 724 Height 480
Width 717 Height 480
Width 707 Height 480
Width 692 Height 480
Width 674 Height 480
Width 657 Height 480
Width 637 Height 480
Width 618 Height 480
Width 605 Height 480
Width 591 Height 480
Width 586 Height 480
Width 584 Height 480
Width 582 Height 480
Width 576 Height 480
Width 570 Height 480
Width 565 Height 480
Width 555 Height 480
Width 550 Height 480
Width 536 Height 480
Width 516 Height 480
Width 510 Height 480
Width 495 Height 480
Width 486 Height 480
Width 477 Height 480
Width 465 Height 480
Width 460 Height 480
Width 454 Height 480
Width 446 Height 480
Width 438 Height 480
Width 432 Height 480
Width 426 Height 480
Width 417 Height 480
Width 414 Height 480
Width 407 Height 480
Width 405 Height 480
Width 398 Height 480
Width 393 Height 480
Width 384 Height 480
Width 380 Height 480
Width 372 Height 480
Width 363 Height 480
Width 355 Height 480
Width 349 Height 480
Width 339 Height 480
Width 324 Height 480
Width 315 Height 480
Width 300 Height 480
Width 292 Height 480
Width 279 Height 480
Width 275 Height 480
Width 266 Height 480
Width 262 Height 480
Width 250 Height 480
Width 229 Height 480
Width 222 Height 480
Width 211 Height 480
Width 190 Height 480
Width 168 Height 480
Width 158 Height 480
Width 153 Height 480
Width 146 Height 480
Width 162 Height 480
Width 168 Height 480
Width 177 Height 480
Width 181 Height 480
Width 187 Height 480
Width 194 Height 480
Width 199 Height 480
Width 206 Height 480
Width 211 Height 480
Width 217 Height 480
Width 220 Height 480
Width 227 Height 480
Width 229 Height 480
Width 231 Height 480
Width 244 Height 480
Width 257 Height 480
Width 269 Height 480
Width 288 Height 480
Width 304 Height 480
Width 340 Height 480
Width 351 Height 480
Width 370 Height 480
Width 376 Height 480
Width 383 Height 480
Width 385 Height 480
Width 389 Height 480
Width 392 Height 480
Width 396 Height 480
Width 397 Height 480
Width 402 Height 480
Width 403 Height 480
Width 405 Height 480
starting GLFW 3.2.1 Cocoa NSGL chdir menubar retina dynamic
Renderer: Intel HD Graphics 5000 OpenGL Engine
renderer: Intel HD Graphics 5000 OpenGL Engine
version: 4.1 INTEL-10.22.29
GL Context Params:
GL_MAX_COMBINED_TEXTURE_IMAGE_UNITS 80
GL_MAX_CUBE_MAP_TEXTURE_SIZE 16384
GL_MAX_DRAW_BUFFERS 8
GL_MAX_FRAGMENT_UNIFORM_COMPONENTS 4096
GL_MAX_TEXTURE_IMAGE_UNITS 16
GL_MAX_TEXTURE_SIZE 16384
GL_MAX_VARYING_FLOATS 0
GL_MAX_VERTEX_ATTRIBS 16
GL_MAX_VERTEX_TEXTURE_IMAGE_UNITS 16
GL_MAX_VERTEX_UNIFORM_COMPONENTS 4096
GL_MAX_VIEWPORT_DIMS 16384 16384
GL_STEREO 0
-----------------------------
created Programme 3. attaching shaders 1 and 2...
program 3 GL_VALIDATE_STATUS = GL_TRUE
created Programme 6. attaching shaders 4 and 5...
program 6 GL_VALIDATE_STATUS = GL_TRUE
